Using pre-set license
Built from '2020.3/staging' branch; Version is '2020.3.13f1 (71691879b7f5) revision 7432472'; Using compiler version '192528614'; Build Type 'Release'
OS: 'Windows 10 Pro; OS build 22000.65; Version 2009; 64bit' Language: 'en' Physical Memory: 16346 MB
BatchMode: 1, IsHumanControllingUs: 0, StartBugReporterOnCrash: 0, Is64bit: 1, IsPro: 0

 COMMAND LINE ARGUMENTS:
D:\Program Files\Unity\2020.3.13f1\Editor\Unity.exe
-adb2
-batchMode
-noUpm
-name
AssetImportWorker0
-projectPath
D:/Projects/csharp/prince-of-persia
-logFile
Logs/AssetImportWorker0.log
-srvPort
56899
Successfully changed project path to: D:/Projects/csharp/prince-of-persia
D:/Projects/csharp/prince-of-persia
Using Asset Import Pipeline V2.
Could not extract GUID in text file ProjectSettings/ProjectSettings.asset at line 44.

Refreshing native plugins compatible for Editor in 39.87 ms, found 4 plugins.
Preloading 0 native plugins for Editor in 0.00 ms.
Initialize engine version: 2020.3.13f1 (71691879b7f5)
[Subsystems] Discovering subsystems at path D:/Program Files/Unity/2020.3.13f1/Editor/Data/Resources/UnitySubsystems
[Subsystems] Discovering subsystems at path D:/Projects/csharp/prince-of-persia/Assets
GfxDevice: creating device client; threaded=0
Direct3D:
    Version:  Direct3D 11.0 [level 11.1]
    Renderer: NVIDIA GeForce GTX 1660 Ti (ID=0x2182)
    Vendor:   
    VRAM:     5991 MB
    Driver:   27.21.14.6677
Initialize mono
Mono path[0] = 'D:/Program Files/Unity/2020.3.13f1/Editor/Data/Managed'
Mono path[1] = 'D:/Program Files/Unity/2020.3.13f1/Editor/Data/MonoBleedingEdge/lib/mono/unityjit'
Mono config path = 'D:/Program Files/Unity/2020.3.13f1/Editor/Data/MonoBleedingEdge/etc'
Using monoOptions --debugger-agent=transport=dt_socket,embedding=1,server=y,suspend=n,address=127.0.0.1:56760
Begin MonoManager ReloadAssembly
Registering precompiled unity dll's ...
Register platform support module: D:/Program Files/Unity/2020.3.13f1/Editor/Data/PlaybackEngines/WindowsStandaloneSupport/UnityEditor.WindowsStandalone.Extensions.dll
Registered in 0.001554 seconds.
Native extension for WindowsStandalone target not found
Refreshing native plugins compatible for Editor in 33.28 ms, found 4 plugins.
Preloading 0 native plugins for Editor in 0.00 ms.
Mono: successfully reloaded assembly
- Completed reload, in  1.397 seconds
Platform modules already initialized, skipping
Registering precompiled user dll's ...
Registered in 0.006921 seconds.
Begin MonoManager ReloadAssembly
Native extension for WindowsStandalone target not found
Refreshing native plugins compatible for Editor in 0.76 ms, found 4 plugins.
Preloading 0 native plugins for Editor in 0.00 ms.
Mono: successfully reloaded assembly
- Completed reload, in  1.196 seconds
Platform modules already initialized, skipping
========================================================================
Worker process is ready to serve import requests
Could not extract GUID in text file ProjectSettings/ProjectSettings.asset at line 44.

Launched and connected shader compiler UnityShaderCompiler.exe after 0.07 seconds
Refreshing native plugins compatible for Editor in 0.45 ms, found 4 plugins.
Preloading 0 native plugins for Editor in 0.00 ms.
Unloading 1586 Unused Serialized files (Serialized files now loaded: 0)
System memory in use before: 77.6 MB.
System memory in use after: 77.7 MB.

Unloading 26 unused Assets to reduce memory usage. Loaded Objects now: 2052.
Total: 2.590400 ms (FindLiveObjects: 0.262900 ms CreateObjectMapping: 0.089400 ms MarkObjects: 2.156800 ms  DeleteObjects: 0.079900 ms)

AssetImportParameters requested are different than current active one (requested -> active):
  custom:framework-win-MediaFoundation: 216162199b28c13a410421893ffa2e32 -> 
  custom:video-decoder-ogg-theora: a1e56fd34408186e4bbccfd4996cb3dc -> 
  custom:container-muxer-webm: aa71ff27fc2769a1b78a27578f13a17b -> 
  custom:container-demuxer-webm: 4f35f7cbe854078d1ac9338744f61a02 -> 
  custom:container-demuxer-ogg: 62fdf1f143b41e24485cea50d1cbac27 -> 
  custom:video-encoder-webm-vp8: eb34c28f22e8b96e1ab97ce403110664 -> 
  custom:video-codec-MediaFoundation-h265: e54d7ab0439102e2317fc1e4b246158d -> 
  custom:video-decoder-webm-vp8: 9c59270c3fd7afecdb556c50c9e8de78 -> 
  custom:audio-decoder-ogg-vorbis: bf7c407c2cedff20999df2af8eb42d56 -> 
  custom:audio-encoder-webm-vorbis: bf7c407c2cedff20999df2af8eb42d56 -> 
========================================================================
Received Import Request.
  path: Assets/Textures/Player/logo2.png
  artifactKey: Guid(f7c0595db2bf7a64e9ebd1c4ba36a17f) Importer(815301076,1909f56bfc062723c751e8b465ee728b)
Start importing Assets/Textures/Player/logo2.png using Guid(f7c0595db2bf7a64e9ebd1c4ba36a17f) Importer(815301076,1909f56bfc062723c751e8b465ee728b)  -> (artifact id: '64e4074fcaf3439a26a59b8a3be8b8f6') in 0.204342 seconds 
  Import took 0.208636 seconds .

========================================================================
Received Import Request.
  Time since last request: 81.713742 seconds.
  path: Assets/Textures/Player/splash2.png
  artifactKey: Guid(e834b0bfa049df548872e5d55e2c64c2) Importer(815301076,1909f56bfc062723c751e8b465ee728b)
Start importing Assets/Textures/Player/splash2.png using Guid(e834b0bfa049df548872e5d55e2c64c2) Importer(815301076,1909f56bfc062723c751e8b465ee728b)  -> (artifact id: '2f0dfdb6366d462684610918213c97f9') in 0.026723 seconds 
  Import took 0.043774 seconds .

========================================================================
Received Import Request.
  Time since last request: 0.000304 seconds.
  path: Assets/Textures/Player/splashbg3.png
  artifactKey: Guid(5d4b5e10e70a4a7418cfbf8081bb174f) Importer(815301076,1909f56bfc062723c751e8b465ee728b)
Start importing Assets/Textures/Player/splashbg3.png using Guid(5d4b5e10e70a4a7418cfbf8081bb174f) Importer(815301076,1909f56bfc062723c751e8b465ee728b)  -> (artifact id: 'fa062163009feabe0c30380fc35990e9') in 0.043580 seconds 
  Import took 0.046492 seconds .

========================================================================
Received Import Request.
  Time since last request: 0.000278 seconds.
  path: Assets/Textures/Player/splash2.png
  artifactKey: Guid(e834b0bfa049df548872e5d55e2c64c2) Importer(815301076,1909f56bfc062723c751e8b465ee728b)
Start importing Assets/Textures/Player/splash2.png using Guid(e834b0bfa049df548872e5d55e2c64c2) Importer(815301076,1909f56bfc062723c751e8b465ee728b)  -> (artifact id: '2f0dfdb6366d462684610918213c97f9') in 0.012426 seconds 
  Import took 0.015210 seconds .

========================================================================
Received Import Request.
  Time since last request: 0.000337 seconds.
  path: Assets/Textures/Player/splashbg3.png
  artifactKey: Guid(5d4b5e10e70a4a7418cfbf8081bb174f) Importer(815301076,1909f56bfc062723c751e8b465ee728b)
Start importing Assets/Textures/Player/splashbg3.png using Guid(5d4b5e10e70a4a7418cfbf8081bb174f) Importer(815301076,1909f56bfc062723c751e8b465ee728b)  -> (artifact id: 'fa062163009feabe0c30380fc35990e9') in 0.019015 seconds 
  Import took 0.022391 seconds .

========================================================================
Received Import Request.
  Time since last request: 56.340618 seconds.
  path: Assets/Scenes/level01.unity
  artifactKey: Guid(6fb8339776c7d064097edc8c10f347f5) Importer(815301076,1909f56bfc062723c751e8b465ee728b)
Start importing Assets/Scenes/level01.unity using Guid(6fb8339776c7d064097edc8c10f347f5) Importer(815301076,1909f56bfc062723c751e8b465ee728b)  -> (artifact id: '739306168b42954f99c0d71ec90067e1') in 0.012652 seconds 
  Import took 0.029205 seconds .

========================================================================
Received Import Request.
  Time since last request: 0.683335 seconds.
  path: Assets/Scenes/credits.unity
  artifactKey: Guid(0d17ba72a45562e4b8e8c11d1841c91e) Importer(815301076,1909f56bfc062723c751e8b465ee728b)
Start importing Assets/Scenes/credits.unity using Guid(0d17ba72a45562e4b8e8c11d1841c91e) Importer(815301076,1909f56bfc062723c751e8b465ee728b)  -> (artifact id: 'a77bfde88aa151a29e722b8d652387ef') in 0.012487 seconds 
  Import took 0.015396 seconds .

========================================================================
Received Import Request.
  Time since last request: 276.801813 seconds.
  path: Packages/com.unity.textmeshpro/package.json
  artifactKey: Guid(220e9325710f4235a43492dd1ee4980d) Importer(815301076,1909f56bfc062723c751e8b465ee728b)
Start importing Packages/com.unity.textmeshpro/package.json using Guid(220e9325710f4235a43492dd1ee4980d) Importer(815301076,1909f56bfc062723c751e8b465ee728b)  -> (artifact id: '2c6d4de5db3a39bcb3575c98dc9df750') in 0.033071 seconds 
  Import took 0.055015 seconds .

========================================================================
Received Import Request.
  Time since last request: 24.540069 seconds.
  path: Assets/PostProcessing/DefaultProfile.asset
  artifactKey: Guid(ebf2b1b0eb6395d4580b5d75dd2315ee) Importer(815301076,1909f56bfc062723c751e8b465ee728b)
Start importing Assets/PostProcessing/DefaultProfile.asset using Guid(ebf2b1b0eb6395d4580b5d75dd2315ee) Importer(815301076,1909f56bfc062723c751e8b465ee728b)  -> (artifact id: 'c7bda6a75a386b1af9a07a424f57d837') in 0.029528 seconds 
  Import took 0.062142 seconds .

========================================================================
Received Import Request.
  Time since last request: 0.000363 seconds.
  path: Assets/PostProcessing/DefaultProfileBU.asset
  artifactKey: Guid(ae1f709577f9b10418ffc9f38f5214cd) Importer(815301076,1909f56bfc062723c751e8b465ee728b)
Start importing Assets/PostProcessing/DefaultProfileBU.asset using Guid(ae1f709577f9b10418ffc9f38f5214cd) Importer(815301076,1909f56bfc062723c751e8b465ee728b)  -> (artifact id: 'dd0055be533f85b9394a44bda9f601f0') in 0.012560 seconds 
  Import took 0.025659 seconds .

========================================================================
Received Import Request.
  Time since last request: 0.000348 seconds.
  path: Assets/PostProcessing/MainMenuProfile.asset
  artifactKey: Guid(78981b55f392d3a4cbbf2a52d332b57d) Importer(815301076,1909f56bfc062723c751e8b465ee728b)
Start importing Assets/PostProcessing/MainMenuProfile.asset using Guid(78981b55f392d3a4cbbf2a52d332b57d) Importer(815301076,1909f56bfc062723c751e8b465ee728b)  -> (artifact id: '2df3bfce922098ccc294ca92d7d79a3f') in 0.011959 seconds 
  Import took 0.015328 seconds .

========================================================================
Received Import Request.
  Time since last request: 1.299998 seconds.
  path: Assets/Animations/ArmMask.mask
  artifactKey: Guid(3289c849a664c5c4d99c233d823d348e) Importer(815301076,1909f56bfc062723c751e8b465ee728b)
Start importing Assets/Animations/ArmMask.mask using Guid(3289c849a664c5c4d99c233d823d348e) Importer(815301076,1909f56bfc062723c751e8b465ee728b)  -> (artifact id: 'b28603299d46d989d719b983a9884a67') in 0.081447 seconds 
  Import took 0.106504 seconds .

========================================================================
Received Import Request.
  Time since last request: 0.026315 seconds.
  path: Assets/Animations/HandOverride.mask
  artifactKey: Guid(2e7a501a4e88a69418bd829b3e1b68fc) Importer(815301076,1909f56bfc062723c751e8b465ee728b)
Start importing Assets/Animations/HandOverride.mask using Guid(2e7a501a4e88a69418bd829b3e1b68fc) Importer(815301076,1909f56bfc062723c751e8b465ee728b)  -> (artifact id: '553c03329b7917917c9e880d867989d7') in 0.037193 seconds 
  Import took 0.063095 seconds .

========================================================================
Received Import Request.
  Time since last request: 0.000416 seconds.
  path: Assets/Animations/ViewmodelArmRMask.mask
  artifactKey: Guid(3a62448cf8fdad8408c2657bc0b7f4c3) Importer(815301076,1909f56bfc062723c751e8b465ee728b)
Start importing Assets/Animations/ViewmodelArmRMask.mask using Guid(3a62448cf8fdad8408c2657bc0b7f4c3) Importer(815301076,1909f56bfc062723c751e8b465ee728b)  -> (artifact id: '480fa43b93f35b050ea1537c314658e4') in 0.028961 seconds 
  Import took 0.031775 seconds .

========================================================================
Received Import Request.
  Time since last request: 0.000389 seconds.
  path: Assets/Animations/ViewmodelArmLMask.mask
  artifactKey: Guid(23fb5d54cb41b8746bde408e3032c9b8) Importer(815301076,1909f56bfc062723c751e8b465ee728b)
Start importing Assets/Animations/ViewmodelArmLMask.mask using Guid(23fb5d54cb41b8746bde408e3032c9b8) Importer(815301076,1909f56bfc062723c751e8b465ee728b)  -> (artifact id: '9f091a843bb298359da7b4793d49120f') in 0.034636 seconds 
  Import took 0.061686 seconds .

========================================================================
Received Import Request.
  Time since last request: 1.771108 seconds.
  path: Assets/Animations
  artifactKey: Guid(e8372cf9bb9fb524195297f2f3a18a22) Importer(815301076,1909f56bfc062723c751e8b465ee728b)
Start importing Assets/Animations using Guid(e8372cf9bb9fb524195297f2f3a18a22) Importer(815301076,1909f56bfc062723c751e8b465ee728b)  -> (artifact id: 'e9585e0a29149db49b799e2ad21f7c80') in 0.013158 seconds 
  Import took 0.016276 seconds .

========================================================================
Received Import Request.
  Time since last request: 0.286658 seconds.
  path: Assets/debug
  artifactKey: Guid(3cfe0c06797057346870ad641379cb96) Importer(815301076,1909f56bfc062723c751e8b465ee728b)
Start importing Assets/debug using Guid(3cfe0c06797057346870ad641379cb96) Importer(815301076,1909f56bfc062723c751e8b465ee728b)  -> (artifact id: '27f3893c744367bad2d5bbde6df46826') in 0.012456 seconds 
  Import took 0.031433 seconds .

========================================================================
Received Import Request.
  Time since last request: 0.602879 seconds.
  path: Assets/debug/NavMesh-EnemyRoom.asset
  artifactKey: Guid(f01623ea69bd58d499caacb9cd68882a) Importer(815301076,1909f56bfc062723c751e8b465ee728b)
Start importing Assets/debug/NavMesh-EnemyRoom.asset using Guid(f01623ea69bd58d499caacb9cd68882a) Importer(815301076,1909f56bfc062723c751e8b465ee728b)  -> (artifact id: 'c426d7e0da31b9cc7515538b1669758a') in 0.052353 seconds 
  Import took 0.089255 seconds .

========================================================================
Received Import Request.
  Time since last request: 3.995564 seconds.
  path: Assets/Fonts
  artifactKey: Guid(858da88de6837d9498a154195c5c43a0) Importer(815301076,1909f56bfc062723c751e8b465ee728b)
Start importing Assets/Fonts using Guid(858da88de6837d9498a154195c5c43a0) Importer(815301076,1909f56bfc062723c751e8b465ee728b)  -> (artifact id: '44625a04a134589fbb023dc57becf10a') in 0.012626 seconds 
  Import took 0.108952 seconds .

========================================================================
Received Import Request.
  Time since last request: 0.373211 seconds.
  path: Assets/Materials
  artifactKey: Guid(4698c06d0cff33d47914343715767dbb) Importer(815301076,1909f56bfc062723c751e8b465ee728b)
Start importing Assets/Materials using Guid(4698c06d0cff33d47914343715767dbb) Importer(815301076,1909f56bfc062723c751e8b465ee728b)  -> (artifact id: 'ae99c4ef3c2d1f132ed182c77f929b48') in 1.112289 seconds 
  Import took 1.115756 seconds .

========================================================================
Received Import Request.
  Time since last request: 0.000410 seconds.
  path: Assets/Scripts
  artifactKey: Guid(7019bf5c7a62521498433f0569b9c8d5) Importer(815301076,1909f56bfc062723c751e8b465ee728b)
Start importing Assets/Scripts using Guid(7019bf5c7a62521498433f0569b9c8d5) Importer(815301076,1909f56bfc062723c751e8b465ee728b)  -> (artifact id: '324a045c9fe63b340a98a05f85576a30') in 0.013427 seconds 
  Import took 0.058967 seconds .

========================================================================
Received Import Request.
  Time since last request: 0.000310 seconds.
  path: Assets/Models
  artifactKey: Guid(d44ca4e33b9ace148a12f8e57163ab8d) Importer(815301076,1909f56bfc062723c751e8b465ee728b)
Start importing Assets/Models using Guid(d44ca4e33b9ace148a12f8e57163ab8d) Importer(815301076,1909f56bfc062723c751e8b465ee728b)  -> (artifact id: '58b780752b06966dd77cf57ee3a1d40c') in 0.013504 seconds 
  Import took 0.040701 seconds .

========================================================================
Received Import Request.
  Time since last request: 0.000333 seconds.
  path: Assets/Sounds
  artifactKey: Guid(355da11d4dc1e5b43b4f28d3fd51cbef) Importer(815301076,1909f56bfc062723c751e8b465ee728b)
Start importing Assets/Sounds using Guid(355da11d4dc1e5b43b4f28d3fd51cbef) Importer(815301076,1909f56bfc062723c751e8b465ee728b)  -> (artifact id: '07faf0813c3290a0a75f6e272b555cb7') in 0.012267 seconds 
  Import took 0.014502 seconds .

========================================================================
Received Import Request.
  Time since last request: 0.213637 seconds.
  path: Assets/Textures
  artifactKey: Guid(c211e8f579990a244981328a7b3267a2) Importer(815301076,1909f56bfc062723c751e8b465ee728b)
Start importing Assets/Textures using Guid(c211e8f579990a244981328a7b3267a2) Importer(815301076,1909f56bfc062723c751e8b465ee728b)  -> (artifact id: 'f71d6be7dd51371d2bee7232fc5023be') in 0.011307 seconds 
  Import took 0.014222 seconds .

========================================================================
Received Import Request.
  Time since last request: 22.424008 seconds.
  path: Assets/PostProcessing
  artifactKey: Guid(316d8d51ca5e12a4bb2ac98436c01431) Importer(815301076,1909f56bfc062723c751e8b465ee728b)
Start importing Assets/PostProcessing using Guid(316d8d51ca5e12a4bb2ac98436c01431) Importer(815301076,1909f56bfc062723c751e8b465ee728b)  -> (artifact id: '1a27f77b0839477567adbb984f13436b') in 0.011069 seconds 
  Import took 0.042859 seconds .

========================================================================
Received Import Request.
  Time since last request: 0.305391 seconds.
  path: Assets/Prefabs
  artifactKey: Guid(2193512f9faf99f46b58f2d82beb0bb4) Importer(815301076,1909f56bfc062723c751e8b465ee728b)
Start importing Assets/Prefabs using Guid(2193512f9faf99f46b58f2d82beb0bb4) Importer(815301076,1909f56bfc062723c751e8b465ee728b)  -> (artifact id: '6c4ecc46395a7387f0b04e75a6085f25') in 0.011128 seconds 
  Import took 0.013848 seconds .

========================================================================
Received Import Request.
  Time since last request: 91.406634 seconds.
  path: Assets/Textures/menu/slider_temp.png
  artifactKey: Guid(977035edaf5d4f34e97d9bc462406131) Importer(815301076,1909f56bfc062723c751e8b465ee728b)
Start importing Assets/Textures/menu/slider_temp.png using Guid(977035edaf5d4f34e97d9bc462406131) Importer(815301076,1909f56bfc062723c751e8b465ee728b)  -> (artifact id: '69a48b11d9e0a999cf40f097176454cb') in 0.096334 seconds 
  Import took 0.099566 seconds .

========================================================================
Received Import Request.
  Time since last request: 0.000387 seconds.
  path: Assets/Textures/Player/splash.png
  artifactKey: Guid(bdac9e4f8a6eaf349b1e906fe76013cd) Importer(815301076,1909f56bfc062723c751e8b465ee728b)
Start importing Assets/Textures/Player/splash.png using Guid(bdac9e4f8a6eaf349b1e906fe76013cd) Importer(815301076,1909f56bfc062723c751e8b465ee728b)  -> (artifact id: '646b406811ff2787617914c980309aeb') in 0.136691 seconds 
  Import took 0.177085 seconds .

========================================================================
Received Import Request.
  Time since last request: 0.000319 seconds.
  path: Assets/Textures/Player/splashbg.png
  artifactKey: Guid(509077be52328d9488af24242d98677f) Importer(815301076,1909f56bfc062723c751e8b465ee728b)
Start importing Assets/Textures/Player/splashbg.png using Guid(509077be52328d9488af24242d98677f) Importer(815301076,1909f56bfc062723c751e8b465ee728b)  -> (artifact id: 'f99c830b3305dcfee9ecbe5d4a59b0c7') in 0.087309 seconds 
  Import took 0.090107 seconds .

========================================================================
Received Import Request.
  Time since last request: 0.000299 seconds.
  path: Assets/Textures/Player/splash.png
  artifactKey: Guid(bdac9e4f8a6eaf349b1e906fe76013cd) Importer(815301076,1909f56bfc062723c751e8b465ee728b)
Start importing Assets/Textures/Player/splash.png using Guid(bdac9e4f8a6eaf349b1e906fe76013cd) Importer(815301076,1909f56bfc062723c751e8b465ee728b)  -> (artifact id: '646b406811ff2787617914c980309aeb') in 0.011728 seconds 
  Import took 0.015833 seconds .

========================================================================
Received Import Request.
  Time since last request: 0.000338 seconds.
  path: Assets/Textures/Player/splashbg.png
  artifactKey: Guid(509077be52328d9488af24242d98677f) Importer(815301076,1909f56bfc062723c751e8b465ee728b)
Start importing Assets/Textures/Player/splashbg.png using Guid(509077be52328d9488af24242d98677f) Importer(815301076,1909f56bfc062723c751e8b465ee728b)  -> (artifact id: 'f99c830b3305dcfee9ecbe5d4a59b0c7') in 0.013577 seconds 
  Import took 0.016680 seconds .

========================================================================
Received Import Request.
  Time since last request: 0.000282 seconds.
  path: Assets/Textures/Player/splashbg2.png
  artifactKey: Guid(139f06d81f7453d4091cbf4cd5568fb3) Importer(815301076,1909f56bfc062723c751e8b465ee728b)
Start importing Assets/Textures/Player/splashbg2.png using Guid(139f06d81f7453d4091cbf4cd5568fb3) Importer(815301076,1909f56bfc062723c751e8b465ee728b)  -> (artifact id: 'e6985adf33090313f739bfc393da1cf0') in 0.044727 seconds 
  Import took 0.057682 seconds .

========================================================================
Received Import Request.
  Time since last request: 86.262890 seconds.
  path: Assets/PostProcessing/Editor/PropertyDrawers/MinDrawer.cs
  artifactKey: Guid(8995f52f410f0fb4cb1bdaa71a16e04e) Importer(815301076,1909f56bfc062723c751e8b465ee728b)
Start importing Assets/PostProcessing/Editor/PropertyDrawers/MinDrawer.cs using Guid(8995f52f410f0fb4cb1bdaa71a16e04e) Importer(815301076,1909f56bfc062723c751e8b465ee728b)  -> (artifact id: '532e3c5d0966e338d223f5a2b1bcd8b7') in 0.030557 seconds 
  Import took 0.052452 seconds .

========================================================================
Received Import Request.
  Time since last request: 34.097055 seconds.
  path: Assets/PostProcessing/Editor/PropertyDrawers/MinDrawer.cs
  artifactKey: Guid(8995f52f410f0fb4cb1bdaa71a16e04e) Importer(815301076,1909f56bfc062723c751e8b465ee728b)
Start importing Assets/PostProcessing/Editor/PropertyDrawers/MinDrawer.cs using Guid(8995f52f410f0fb4cb1bdaa71a16e04e) Importer(815301076,1909f56bfc062723c751e8b465ee728b)  -> (artifact id: 'a2f85f97333349b8e99db3e0c4cd13e4') in 0.005521 seconds 
  Import took 0.034509 seconds .

========================================================================
Received Prepare
Registering precompiled user dll's ...
Registered in 0.003596 seconds.
Begin MonoManager ReloadAssembly
Native extension for WindowsStandalone target not found
Refreshing native plugins compatible for Editor in 0.34 ms, found 2 plugins.
Preloading 0 native plugins for Editor in 0.00 ms.
Mono: successfully reloaded assembly
- Completed reload, in  0.896 seconds
Platform modules already initialized, skipping
Refreshing native plugins compatible for Editor in 0.40 ms, found 2 plugins.
Preloading 0 native plugins for Editor in 0.00 ms.
Unloading 1468 Unused Serialized files (Serialized files now loaded: 0)
System memory in use before: 75.6 MB.
System memory in use after: 75.8 MB.

Unloading 13 unused Assets to reduce memory usage. Loaded Objects now: 2068.
Total: 1.974300 ms (FindLiveObjects: 0.164800 ms CreateObjectMapping: 0.051200 ms MarkObjects: 1.727700 ms  DeleteObjects: 0.029500 ms)

AssetImportParameters requested are different than current active one (requested -> active):
  custom:framework-win-MediaFoundation: 216162199b28c13a410421893ffa2e32 -> 
  custom:video-decoder-ogg-theora: a1e56fd34408186e4bbccfd4996cb3dc -> 
  custom:container-muxer-webm: aa71ff27fc2769a1b78a27578f13a17b -> 
  custom:container-demuxer-webm: 4f35f7cbe854078d1ac9338744f61a02 -> 
  custom:container-demuxer-ogg: 62fdf1f143b41e24485cea50d1cbac27 -> 
  custom:video-encoder-webm-vp8: eb34c28f22e8b96e1ab97ce403110664 -> 
  custom:video-codec-MediaFoundation-h265: e54d7ab0439102e2317fc1e4b246158d -> 
  custom:video-decoder-webm-vp8: 9c59270c3fd7afecdb556c50c9e8de78 -> 
  custom:audio-decoder-ogg-vorbis: bf7c407c2cedff20999df2af8eb42d56 -> 
  custom:audio-encoder-webm-vorbis: bf7c407c2cedff20999df2af8eb42d56 -> 
========================================================================
Received Import Request.
  Time since last request: 190.128599 seconds.
  path: Assets/PostProcessing/Editor/PropertyDrawers/MinDrawer.cs
  artifactKey: Guid(8995f52f410f0fb4cb1bdaa71a16e04e) Importer(815301076,1909f56bfc062723c751e8b465ee728b)
Start importing Assets/PostProcessing/Editor/PropertyDrawers/MinDrawer.cs using Guid(8995f52f410f0fb4cb1bdaa71a16e04e) Importer(815301076,1909f56bfc062723c751e8b465ee728b)  -> (artifact id: 'abd01596de5cd2c9f6649cffa86d7ebc') in 0.012677 seconds 
  Import took 0.015109 seconds .

========================================================================
Received Import Request.
  Time since last request: 0.006906 seconds.
  path: Assets/PostProcessing/Editor/PropertyDrawers/MinDrawer.cs
  artifactKey: Guid(8995f52f410f0fb4cb1bdaa71a16e04e) Importer(815301076,1909f56bfc062723c751e8b465ee728b)
Start importing Assets/PostProcessing/Editor/PropertyDrawers/MinDrawer.cs using Guid(8995f52f410f0fb4cb1bdaa71a16e04e) Importer(815301076,1909f56bfc062723c751e8b465ee728b)  -> (artifact id: 'abd01596de5cd2c9f6649cffa86d7ebc') in 0.005314 seconds 
  Import took 0.007935 seconds .

========================================================================
Received Import Request.
  Time since last request: 16.162803 seconds.
  path: Assets/Scripts/NavMeshComponents/Editor/NavMeshComponentsGUIUtility.cs
  artifactKey: Guid(77fba670b979046f18d52d751e0d4659) Importer(815301076,1909f56bfc062723c751e8b465ee728b)
Start importing Assets/Scripts/NavMeshComponents/Editor/NavMeshComponentsGUIUtility.cs using Guid(77fba670b979046f18d52d751e0d4659) Importer(815301076,1909f56bfc062723c751e8b465ee728b)  -> (artifact id: '26917a9ccbef9aebc67fc5f9b76c4cda') in 0.014218 seconds 
  Import took 0.018150 seconds .

========================================================================
Received Import Request.
  Time since last request: 0.017240 seconds.
  path: Assets/Scripts/NavMeshComponents/Editor/NavMeshComponentsGUIUtility.cs
  artifactKey: Guid(77fba670b979046f18d52d751e0d4659) Importer(815301076,1909f56bfc062723c751e8b465ee728b)
Start importing Assets/Scripts/NavMeshComponents/Editor/NavMeshComponentsGUIUtility.cs using Guid(77fba670b979046f18d52d751e0d4659) Importer(815301076,1909f56bfc062723c751e8b465ee728b)  -> (artifact id: '26917a9ccbef9aebc67fc5f9b76c4cda') in 0.005152 seconds 
  Import took 0.008018 seconds .

========================================================================
Received Import Request.
  Time since last request: 3.264186 seconds.
  path: Assets/Scripts/NavMeshComponents/Editor/NavMeshModifierEditor.cs
  artifactKey: Guid(6fa04b4743e3947eba4d7b9e5832ea69) Importer(815301076,1909f56bfc062723c751e8b465ee728b)
Start importing Assets/Scripts/NavMeshComponents/Editor/NavMeshModifierEditor.cs using Guid(6fa04b4743e3947eba4d7b9e5832ea69) Importer(815301076,1909f56bfc062723c751e8b465ee728b)  -> (artifact id: 'abdc0e8d28f23c6dabe7e7ec0c2dd677') in 0.013237 seconds 
  Import took 0.016266 seconds .

========================================================================
Received Import Request.
  Time since last request: 0.001003 seconds.
  path: Assets/Scripts/NavMeshComponents/Editor/NavMeshModifierEditor.cs
  artifactKey: Guid(6fa04b4743e3947eba4d7b9e5832ea69) Importer(815301076,1909f56bfc062723c751e8b465ee728b)
Start importing Assets/Scripts/NavMeshComponents/Editor/NavMeshModifierEditor.cs using Guid(6fa04b4743e3947eba4d7b9e5832ea69) Importer(815301076,1909f56bfc062723c751e8b465ee728b)  -> (artifact id: 'abdc0e8d28f23c6dabe7e7ec0c2dd677') in 0.005906 seconds 
  Import took 0.008914 seconds .

========================================================================
Received Import Request.
  Time since last request: 0.273024 seconds.
  path: Assets/Scripts/NavMeshComponents/Editor/NavMeshSurfaceEditor.cs
  artifactKey: Guid(1c32167dbf3314852b6006a288eb449b) Importer(815301076,1909f56bfc062723c751e8b465ee728b)
Start importing Assets/Scripts/NavMeshComponents/Editor/NavMeshSurfaceEditor.cs using Guid(1c32167dbf3314852b6006a288eb449b) Importer(815301076,1909f56bfc062723c751e8b465ee728b)  -> (artifact id: '1fcdbd4a3419cdcf8c5ac9d80136acb5') in 0.012274 seconds 
  Import took 0.014844 seconds .

========================================================================
Received Import Request.
  Time since last request: 0.000698 seconds.
  path: Assets/Scripts/NavMeshComponents/Editor/NavMeshSurfaceEditor.cs
  artifactKey: Guid(1c32167dbf3314852b6006a288eb449b) Importer(815301076,1909f56bfc062723c751e8b465ee728b)
Start importing Assets/Scripts/NavMeshComponents/Editor/NavMeshSurfaceEditor.cs using Guid(1c32167dbf3314852b6006a288eb449b) Importer(815301076,1909f56bfc062723c751e8b465ee728b)  -> (artifact id: '1fcdbd4a3419cdcf8c5ac9d80136acb5') in 0.006340 seconds 
  Import took 0.008989 seconds .

========================================================================
Received Import Request.
  Time since last request: 0.760767 seconds.
  path: Assets/Scripts/NavMeshComponents/Editor/NavMeshModifierVolumeEditor.cs
  artifactKey: Guid(c0f3bef2a67ae4e139538afec3e59b03) Importer(815301076,1909f56bfc062723c751e8b465ee728b)
Start importing Assets/Scripts/NavMeshComponents/Editor/NavMeshModifierVolumeEditor.cs using Guid(c0f3bef2a67ae4e139538afec3e59b03) Importer(815301076,1909f56bfc062723c751e8b465ee728b)  -> (artifact id: '0318fdf06ee711abce8df883f03ea6d6') in 0.014284 seconds 
  Import took 0.017225 seconds .

========================================================================
Received Import Request.
  Time since last request: 166.585120 seconds.
  path: Assets/Shaders
  artifactKey: Guid(2533bcb187b7297478f7d9aaf5b121bb) Importer(815301076,1909f56bfc062723c751e8b465ee728b)
Start importing Assets/Shaders using Guid(2533bcb187b7297478f7d9aaf5b121bb) Importer(815301076,1909f56bfc062723c751e8b465ee728b)  -> (artifact id: 'd05f5e14b21ee7c6bbe9cce1758075c5') in 0.011481 seconds 
  Import took 0.014515 seconds .

========================================================================
Received Import Request.
  Time since last request: 3.777899 seconds.
  path: Assets/TextMesh Pro
  artifactKey: Guid(f54d1bd14bd3ca042bd867b519fee8cc) Importer(815301076,1909f56bfc062723c751e8b465ee728b)
Start importing Assets/TextMesh Pro using Guid(f54d1bd14bd3ca042bd867b519fee8cc) Importer(815301076,1909f56bfc062723c751e8b465ee728b)  -> (artifact id: '16b4cbde9565bf190136f1148817e1ea') in 0.012117 seconds 
  Import took 0.015002 seconds .

========================================================================
Received Import Request.
  Time since last request: 2.487216 seconds.
  path: Assets/Scenes/creditsSettings.lighting
  artifactKey: Guid(a383323367283914f87b0d2d6bc563f4) Importer(815301076,1909f56bfc062723c751e8b465ee728b)
Start importing Assets/Scenes/creditsSettings.lighting using Guid(a383323367283914f87b0d2d6bc563f4) Importer(815301076,1909f56bfc062723c751e8b465ee728b) LightingSettings: switching bake backend from 1 to 0.
 -> (artifact id: '2015856e093dd708c1857b01a130f77d') in 0.030144 seconds 
  Import took 0.032875 seconds .

========================================================================
Received Import Request.
  Time since last request: 10.145999 seconds.
  path: Assets/Scenes/debug.unity
  artifactKey: Guid(6de3193ea1ebd51428c25b97452787ea) Importer(815301076,1909f56bfc062723c751e8b465ee728b)
Start importing Assets/Scenes/debug.unity using Guid(6de3193ea1ebd51428c25b97452787ea) Importer(815301076,1909f56bfc062723c751e8b465ee728b)  -> (artifact id: '510995d152007e440edf43caf8ee5a09') in 0.015694 seconds 
  Import took 0.018854 seconds .

========================================================================
Received Import Request.
  Time since last request: 233.960832 seconds.
  path: Assets/Scenes/menu.unity
  artifactKey: Guid(703fdbcd1d8d9624abf85cb5bd1cbff3) Importer(815301076,1909f56bfc062723c751e8b465ee728b)
Start importing Assets/Scenes/menu.unity using Guid(703fdbcd1d8d9624abf85cb5bd1cbff3) Importer(815301076,1909f56bfc062723c751e8b465ee728b)  -> (artifact id: 'c5dfb23ca942d3383842578d0261fe4f') in 0.013098 seconds 
  Import took 0.016552 seconds .

========================================================================
Received Import Request.
  Time since last request: 0.016646 seconds.
  path: Assets/Scenes/menu.unity
  artifactKey: Guid(703fdbcd1d8d9624abf85cb5bd1cbff3) Importer(815301076,1909f56bfc062723c751e8b465ee728b)
Start importing Assets/Scenes/menu.unity using Guid(703fdbcd1d8d9624abf85cb5bd1cbff3) Importer(815301076,1909f56bfc062723c751e8b465ee728b)  -> (artifact id: 'c5dfb23ca942d3383842578d0261fe4f') in 0.005621 seconds 
  Import took 0.008308 seconds .

========================================================================
Received Prepare
Registering precompiled user dll's ...
Registered in 0.003593 seconds.
Begin MonoManager ReloadAssembly
Native extension for WindowsStandalone target not found
Refreshing native plugins compatible for Editor in 0.47 ms, found 2 plugins.
Preloading 0 native plugins for Editor in 0.00 ms.
Mono: successfully reloaded assembly
- Completed reload, in  0.933 seconds
Platform modules already initialized, skipping
Refreshing native plugins compatible for Editor in 0.31 ms, found 2 plugins.
Preloading 0 native plugins for Editor in 0.00 ms.
Unloading 1481 Unused Serialized files (Serialized files now loaded: 0)
System memory in use before: 77.8 MB.
System memory in use after: 77.3 MB.

Unloading 26 unused Assets to reduce memory usage. Loaded Objects now: 2070.
Total: 1.900300 ms (FindLiveObjects: 0.186400 ms CreateObjectMapping: 0.055000 ms MarkObjects: 1.384400 ms  DeleteObjects: 0.273200 ms)

AssetImportParameters requested are different than current active one (requested -> active):
  custom:framework-win-MediaFoundation: 216162199b28c13a410421893ffa2e32 -> 
  custom:video-decoder-ogg-theora: a1e56fd34408186e4bbccfd4996cb3dc -> 
  custom:container-muxer-webm: aa71ff27fc2769a1b78a27578f13a17b -> 
  custom:container-demuxer-webm: 4f35f7cbe854078d1ac9338744f61a02 -> 
  custom:container-demuxer-ogg: 62fdf1f143b41e24485cea50d1cbac27 -> 
  custom:video-encoder-webm-vp8: eb34c28f22e8b96e1ab97ce403110664 -> 
  custom:video-codec-MediaFoundation-h265: e54d7ab0439102e2317fc1e4b246158d -> 
  custom:video-decoder-webm-vp8: 9c59270c3fd7afecdb556c50c9e8de78 -> 
  custom:audio-decoder-ogg-vorbis: bf7c407c2cedff20999df2af8eb42d56 -> 
  custom:audio-encoder-webm-vorbis: bf7c407c2cedff20999df2af8eb42d56 -> 
========================================================================
Received Import Request.
  Time since last request: 15.817211 seconds.
  path: Assets/Scenes/credits.unity
  artifactKey: Guid(0d17ba72a45562e4b8e8c11d1841c91e) Importer(815301076,1909f56bfc062723c751e8b465ee728b)
Start importing Assets/Scenes/credits.unity using Guid(0d17ba72a45562e4b8e8c11d1841c91e) Importer(815301076,1909f56bfc062723c751e8b465ee728b)  -> (artifact id: '0c824ccb6add2fed5e96a3bcc58f58ed') in 0.015622 seconds 
  Import took 0.038338 seconds .

